#
# There is insufficient memory for the Java Runtime Environment to continue.
# Native memory allocation (malloc) failed to allocate 340336 bytes. Error detail: Chunk::new
# Possible reasons:
#   The system is out of physical RAM or swap space
#   This process is running with CompressedOops enabled, and the Java Heap may be blocking the growth of the native heap
# Possible solutions:
#   Reduce memory load on the system
#   Increase physical memory or swap space
#   Check if swap backing store is full
#   Decrease Java heap size (-Xmx/-Xms)
#   Decrease number of Java threads
#   Decrease Java thread stack sizes (-Xss)
#   Set larger code cache with -XX:ReservedCodeCacheSize=
#   JVM is running with Unscaled Compressed Oops mode in which the Java heap is
#     placed in the first 4GB address space. The Java Heap base address is the
#     maximum limit for the native heap growth. Please use -XX:HeapBaseMinAddress
#     to set the Java Heap base and to place the Java Heap above 4GB virtual address.
# This output file may be truncated or incomplete.
#
#  Out of Memory Error (arena.cpp:168), pid=15304, tid=10008
#
# JRE version: OpenJDK Runtime Environment (21.0.5) (build 21.0.5+-13047016-b750.29)
# Java VM: OpenJDK 64-Bit Server VM (21.0.5+-13047016-b750.29, mixed mode, tiered, compressed oops, compressed class ptrs, g1 gc, windows-amd64)
# No core dump will be written. Minidumps are not enabled by default on client versions of Windows
#

---------------  S U M M A R Y ------------

Command Line: --add-opens=java.base/java.util=ALL-UNNAMED --add-opens=java.base/java.lang=ALL-UNNAMED --add-opens=java.base/java.lang.invoke=ALL-UNNAMED --add-opens=java.prefs/java.util.prefs=ALL-UNNAMED --add-exports=jdk.compiler/com.sun.tools.javac.api=ALL-UNNAMED --add-exports=jdk.compiler/com.sun.tools.javac.util=ALL-UNNAMED --add-opens=java.base/java.nio.charset=ALL-UNNAMED --add-opens=java.base/java.net=ALL-UNNAMED --add-opens=java.base/java.util.concurrent.atomic=ALL-UNNAMED -Xmx2048m -Dfile.encoding=UTF-8 -Duser.country=US -Duser.language=en -Duser.variant -javaagent:C:\Users\user\.gradle\wrapper\dists\gradle-8.10.2-bin\a04bxjujx95o3nb99gddekhwo\gradle-8.10.2\lib\agents\gradle-instrumentation-agent-8.10.2.jar org.gradle.launcher.daemon.bootstrap.GradleDaemon 8.10.2

Host: Intel(R) Core(TM) i3-6006U CPU @ 2.00GHz, 4 cores, 7G,  Windows 11 , 64 bit Build 26100 (10.0.26100.3323)
Time: Sat Mar 29 09:44:52 2025 Pacific Daylight Time elapsed time: 29.685401 seconds (0d 0h 0m 29s)

---------------  T H R E A D  ---------------

Current thread (0x00000227461c6b30):  JavaThread "C2 CompilerThread0" daemon [_thread_in_native, id=10008, stack(0x0000003764300000,0x0000003764400000) (1024K)]


Current CompileTask:
C2:29685 4713       4       groovyjarjarantlr4.v4.runtime.atn.ParserATNSimulator::closure (784 bytes)

Stack: [0x0000003764300000,0x0000003764400000]
Native frames: (J=compiled Java code, j=interpreted, Vv=VM code, C=native code)
V  [jvm.dll+0x6cfb29]
V  [jvm.dll+0x85df93]
V  [jvm.dll+0x8604ee]
V  [jvm.dll+0x860bd3]
V  [jvm.dll+0x27e6b6]
V  [jvm.dll+0xbff6d]
V  [jvm.dll+0xc04a3]
V  [jvm.dll+0x2f2750]
V  [jvm.dll+0x5fa0c9]
V  [jvm.dll+0x250d62]
V  [jvm.dll+0x24956d]
V  [jvm.dll+0x24712e]
V  [jvm.dll+0x1c5ee4]
V  [jvm.dll+0x25697c]
V  [jvm.dll+0x254ec6]
V  [jvm.dll+0x3f0ce6]
V  [jvm.dll+0x806368]
V  [jvm.dll+0x6ce3fd]
C  [ucrtbase.dll+0x37b0]
C  [KERNEL32.DLL+0x2e8d7]
C  [ntdll.dll+0xbbf6c]


---------------  P R O C E S S  ---------------

Threads class SMR info:
_java_thread_list=0x000002274cbe3000, length=37, elements={
0x000002272cf7fcc0, 0x00000227461db330, 0x00000227461e0980, 0x00000227461de900,
0x00000227461df350, 0x00000227461bc5b0, 0x00000227461c61a0, 0x00000227461c6b30,
0x00000227461e5f10, 0x000002274634b020, 0x00000227464e0460, 0x000002274bba0660,
0x0000022746690490, 0x000002274675c300, 0x000002274b2b5a00, 0x0000022746992e70,
0x000002274b9d0e40, 0x000002274b2c8a00, 0x000002274c0dfc30, 0x000002274b76f830,
0x000002274b770550, 0x000002274b76e480, 0x000002274b76eb10, 0x000002274b76fec0,
0x000002274b76f1a0, 0x000002274b770be0, 0x000002274b771270, 0x000002274b45d4e0,
0x000002274b45c7c0, 0x000002274b45b410, 0x000002274b45e200, 0x000002274b45ce50,
0x000002274b45baa0, 0x000002274b45c130, 0x000002274b45db70, 0x000002274b45ad80,
0x000002274cc01c10
}

Java Threads: ( => current thread )
  0x000002272cf7fcc0 JavaThread "main"                              [_thread_blocked, id=15760, stack(0x0000003763500000,0x0000003763600000) (1024K)]
  0x00000227461db330 JavaThread "Reference Handler"          daemon [_thread_blocked, id=14660, stack(0x0000003763d00000,0x0000003763e00000) (1024K)]
  0x00000227461e0980 JavaThread "Finalizer"                  daemon [_thread_blocked, id=4468, stack(0x0000003763e00000,0x0000003763f00000) (1024K)]
  0x00000227461de900 JavaThread "Signal Dispatcher"          daemon [_thread_blocked, id=13940, stack(0x0000003763f00000,0x0000003764000000) (1024K)]
  0x00000227461df350 JavaThread "Attach Listener"            daemon [_thread_blocked, id=6768, stack(0x0000003764000000,0x0000003764100000) (1024K)]
  0x00000227461bc5b0 JavaThread "Service Thread"             daemon [_thread_blocked, id=10508, stack(0x0000003764100000,0x0000003764200000) (1024K)]
  0x00000227461c61a0 JavaThread "Monitor Deflation Thread"   daemon [_thread_blocked, id=13484, stack(0x0000003764200000,0x0000003764300000) (1024K)]
=>0x00000227461c6b30 JavaThread "C2 CompilerThread0"         daemon [_thread_in_native, id=10008, stack(0x0000003764300000,0x0000003764400000) (1024K)]
  0x00000227461e5f10 JavaThread "C1 CompilerThread0"         daemon [_thread_blocked, id=15012, stack(0x0000003764400000,0x0000003764500000) (1024K)]
  0x000002274634b020 JavaThread "Common-Cleaner"             daemon [_thread_blocked, id=6204, stack(0x0000003764500000,0x0000003764600000) (1024K)]
  0x00000227464e0460 JavaThread "Notification Thread"        daemon [_thread_blocked, id=12320, stack(0x0000003764600000,0x0000003764700000) (1024K)]
  0x000002274bba0660 JavaThread "Daemon health stats"               [_thread_blocked, id=11076, stack(0x0000003764900000,0x0000003764a00000) (1024K)]
  0x0000022746690490 JavaThread "Incoming local TCP Connector on port 57016"        [_thread_in_native, id=3652, stack(0x0000003764c00000,0x0000003764d00000) (1024K)]
  0x000002274675c300 JavaThread "Daemon periodic checks"            [_thread_blocked, id=2324, stack(0x0000003764d00000,0x0000003764e00000) (1024K)]
  0x000002274b2b5a00 JavaThread "Daemon"                            [_thread_blocked, id=4968, stack(0x0000003764e00000,0x0000003764f00000) (1024K)]
  0x0000022746992e70 JavaThread "Handler for socket connection from /127.0.0.1:57016 to /127.0.0.1:57017"        [_thread_in_native, id=12372, stack(0x0000003764f00000,0x0000003765000000) (1024K)]
  0x000002274b9d0e40 JavaThread "Cancel handler"                    [_thread_blocked, id=10600, stack(0x0000003764b00000,0x0000003764c00000) (1024K)]
  0x000002274b2c8a00 JavaThread "Daemon worker"                     [_thread_blocked, id=15120, stack(0x0000003765000000,0x0000003765100000) (1024K)]
  0x000002274c0dfc30 JavaThread "Asynchronous log dispatcher for DefaultDaemonConnection: socket connection from /127.0.0.1:57016 to /127.0.0.1:57017"        [_thread_blocked, id=2332, stack(0x0000003765100000,0x0000003765200000) (1024K)]
  0x000002274b76f830 JavaThread "Stdin handler"                     [_thread_blocked, id=10296, stack(0x0000003765200000,0x0000003765300000) (1024K)]
  0x000002274b770550 JavaThread "Daemon client event forwarder"        [_thread_blocked, id=1796, stack(0x0000003765300000,0x0000003765400000) (1024K)]
  0x000002274b76e480 JavaThread "Cache worker for journal cache (C:\Users\user\.gradle\caches\journal-1)"        [_thread_blocked, id=2884, stack(0x0000003765400000,0x0000003765500000) (1024K)]
  0x000002274b76eb10 JavaThread "File lock request listener"        [_thread_in_native, id=15308, stack(0x0000003765500000,0x0000003765600000) (1024K)]
  0x000002274b76fec0 JavaThread "Cache worker for file hash cache (C:\Users\user\.gradle\caches\8.10.2\fileHashes)"        [_thread_blocked, id=12128, stack(0x0000003765600000,0x0000003765700000) (1024K)]
  0x000002274b76f1a0 JavaThread "Cache worker for file hash cache (C:\Users\user\Desktop\whatsuit\.gradle\8.10.2\fileHashes)"        [_thread_blocked, id=6492, stack(0x0000003765800000,0x0000003765900000) (1024K)]
  0x000002274b770be0 JavaThread "Cache worker for Build Output Cleanup Cache (C:\Users\user\Desktop\whatsuit\.gradle\buildOutputCleanup)"        [_thread_blocked, id=16540, stack(0x0000003765900000,0x0000003765a00000) (1024K)]
  0x000002274b771270 JavaThread "File watcher server"        daemon [_thread_in_native, id=5128, stack(0x0000003765a00000,0x0000003765b00000) (1024K)]
  0x000002274b45d4e0 JavaThread "File watcher consumer"      daemon [_thread_blocked, id=5464, stack(0x0000003765b00000,0x0000003765c00000) (1024K)]
  0x000002274b45c7c0 JavaThread "jar transforms"                    [_thread_blocked, id=10088, stack(0x0000003765700000,0x0000003765800000) (1024K)]
  0x000002274b45b410 JavaThread "jar transforms Thread 2"           [_thread_blocked, id=12080, stack(0x0000003765c00000,0x0000003765d00000) (1024K)]
  0x000002274b45e200 JavaThread "jar transforms Thread 3"           [_thread_blocked, id=14932, stack(0x0000003765d00000,0x0000003765e00000) (1024K)]
  0x000002274b45ce50 JavaThread "jar transforms Thread 4"           [_thread_blocked, id=14840, stack(0x0000003765e00000,0x0000003765f00000) (1024K)]
  0x000002274b45baa0 JavaThread "Cache worker for checksums cache (C:\Users\user\Desktop\whatsuit\.gradle\8.10.2\checksums)"        [_thread_blocked, id=6800, stack(0x0000003765f00000,0x0000003766000000) (1024K)]
  0x000002274b45c130 JavaThread "Cache worker for file content cache (C:\Users\user\.gradle\caches\8.10.2\fileContent)"        [_thread_blocked, id=14436, stack(0x0000003766000000,0x0000003766100000) (1024K)]
  0x000002274b45db70 JavaThread "Cache worker for cache directory md-rule (C:\Users\user\.gradle\caches\8.10.2\md-rule)"        [_thread_blocked, id=16600, stack(0x0000003766100000,0x0000003766200000) (1024K)]
  0x000002274b45ad80 JavaThread "Cache worker for cache directory md-supplier (C:\Users\user\.gradle\caches\8.10.2\md-supplier)"        [_thread_blocked, id=14944, stack(0x0000003766200000,0x0000003766300000) (1024K)]
  0x000002274cc01c10 JavaThread "C2 CompilerThread1"         daemon [_thread_in_native, id=7572, stack(0x0000003766300000,0x0000003766400000) (1024K)]
Total: 37

Other Threads:
  0x0000022746006a80 VMThread "VM Thread"                           [id=8228, stack(0x0000003763c00000,0x0000003763d00000) (1024K)]
  0x0000022745f9c6f0 WatcherThread "VM Periodic Task Thread"        [id=2872, stack(0x0000003763b00000,0x0000003763c00000) (1024K)]
  0x000002272f201a50 WorkerThread "GC Thread#0"                     [id=10044, stack(0x0000003763600000,0x0000003763700000) (1024K)]
  0x000002274674d770 WorkerThread "GC Thread#1"                     [id=2152, stack(0x0000003764700000,0x0000003764800000) (1024K)]
  0x000002274670fc50 WorkerThread "GC Thread#2"                     [id=12192, stack(0x0000003764800000,0x0000003764900000) (1024K)]
  0x000002274b827d10 WorkerThread "GC Thread#3"                     [id=1924, stack(0x0000003764a00000,0x0000003764b00000) (1024K)]
  0x000002272f213780 ConcurrentGCThread "G1 Main Marker"            [id=15480, stack(0x0000003763700000,0x0000003763800000) (1024K)]
  0x000002272f214930 WorkerThread "G1 Conc#0"                       [id=12000, stack(0x0000003763800000,0x0000003763900000) (1024K)]
  0x000002272f25e970 ConcurrentGCThread "G1 Refine#0"               [id=15720, stack(0x0000003763900000,0x0000003763a00000) (1024K)]
  0x0000022745e64560 ConcurrentGCThread "G1 Service"                [id=17400, stack(0x0000003763a00000,0x0000003763b00000) (1024K)]
Total: 10

Threads with active compile tasks:
C2 CompilerThread0  29867 4713       4       groovyjarjarantlr4.v4.runtime.atn.ParserATNSimulator::closure (784 bytes)
C1 CompilerThread0  29867 4776       2       groovyjarjarantlr4.v4.runtime.CodePointCharStream$CodePoint8BitCharStream::LA (98 bytes)
C2 CompilerThread1  29867 4739       4       groovyjarjarantlr4.v4.runtime.atn.PredictionContext::join (569 bytes)
Total: 3

VM state: at safepoint (normal execution)

VM Mutex/Monitor currently owned by a thread:  ([mutex/lock_event])
[0x00007ff9b908d360] Threads_lock - owner thread: 0x0000022746006a80
[0x00007ff9b908d460] Heap_lock - owner thread: 0x000002274b2c8a00

Heap address: 0x0000000080000000, size: 2048 MB, Compressed Oops mode: 32-bit

CDS archive(s) not mapped
Compressed class space mapped at: 0x0000000100000000-0x0000000140000000, reserved size: 1073741824
Narrow klass base: 0x0000000000000000, Narrow klass shift: 3, Narrow klass range: 0x140000000

GC Precious Log:
 CardTable entry size: 512
 Card Set container configuration: InlinePtr #cards 5 size 8 Array Of Cards #cards 12 size 40 Howl #buckets 4 coarsen threshold 1843 Howl Bitmap #cards 512 size 80 coarsen threshold 460 Card regions per heap region 1 cards per card region 2048
 CPUs: 4 total, 4 available
 Memory: 8083M
 Large Page Support: Disabled
 NUMA Support: Disabled
 Compressed Oops: Enabled (32-bit)
 Heap Region Size: 1M
 Heap Min Capacity: 8M
 Heap Initial Capacity: 128M
 Heap Max Capacity: 2G
 Pre-touch: Disabled
 Parallel Workers: 4
 Concurrent Workers: 1
 Concurrent Refinement Workers: 4
 Periodic GC: Disabled

Heap:
 garbage-first heap   total 80896K, used 67170K [0x0000000080000000, 0x0000000100000000)
  region size 1024K, 21 young (21504K), 2 survivors (2048K)
 Metaspace       used 48039K, committed 49344K, reserved 1114112K
  class space    used 6641K, committed 7296K, reserved 1048576K

Heap Regions: E=young(eden), S=young(survivor), O=old, HS=humongous(starts), HC=humongous(continues), CS=collection set, F=free, TAMS=top-at-mark-start, PB=parsable bottom
|   0|0x0000000080000000, 0x0000000080100000, 0x0000000080100000|100%|HS|  |TAMS 0x0000000080000000| PB 0x0000000080000000| Complete 
|   1|0x0000000080100000, 0x0000000080200000, 0x0000000080200000|100%|HC|  |TAMS 0x0000000080100000| PB 0x0000000080100000| Complete 
|   2|0x0000000080200000, 0x0000000080300000, 0x0000000080300000|100%|HC|  |TAMS 0x0000000080200000| PB 0x0000000080200000| Complete 
|   3|0x0000000080300000, 0x0000000080400000, 0x0000000080400000|100%|HC|  |TAMS 0x0000000080300000| PB 0x0000000080300000| Complete 
|   4|0x0000000080400000, 0x0000000080500000, 0x0000000080500000|100%| O|  |TAMS 0x0000000080400000| PB 0x0000000080400000| Untracked 
|   5|0x0000000080500000, 0x0000000080600000, 0x0000000080600000|100%| O|  |TAMS 0x0000000080500000| PB 0x0000000080500000| Untracked 
|   6|0x0000000080600000, 0x0000000080700000, 0x0000000080700000|100%| O|  |TAMS 0x0000000080600000| PB 0x0000000080600000| Untracked 
|   7|0x0000000080700000, 0x0000000080800000, 0x0000000080800000|100%|HS|  |TAMS 0x0000000080700000| PB 0x0000000080700000| Complete 
|   8|0x0000000080800000, 0x0000000080900000, 0x0000000080900000|100%| O|  |TAMS 0x0000000080800000| PB 0x0000000080800000| Untracked 
|   9|0x0000000080900000, 0x0000000080a00000, 0x0000000080a00000|100%| O|  |TAMS 0x0000000080900000| PB 0x0000000080900000| Untracked 
|  10|0x0000000080a00000, 0x0000000080b00000, 0x0000000080b00000|100%| O|  |TAMS 0x0000000080a00000| PB 0x0000000080a00000| Untracked 
|  11|0x0000000080b00000, 0x0000000080c00000, 0x0000000080c00000|100%| O|  |TAMS 0x0000000080b00000| PB 0x0000000080b00000| Untracked 
|  12|0x0000000080c00000, 0x0000000080d00000, 0x0000000080d00000|100%| O|  |TAMS 0x0000000080c00000| PB 0x0000000080c00000| Untracked 
|  13|0x0000000080d00000, 0x0000000080e00000, 0x0000000080e00000|100%| O|  |TAMS 0x0000000080d00000| PB 0x0000000080d00000| Untracked 
|  14|0x0000000080e00000, 0x0000000080f00000, 0x0000000080f00000|100%| O|  |TAMS 0x0000000080e00000| PB 0x0000000080e00000| Untracked 
|  15|0x0000000080f00000, 0x0000000081000000, 0x0000000081000000|100%| O|  |TAMS 0x0000000080f00000| PB 0x0000000080f00000| Untracked 
|  16|0x0000000081000000, 0x0000000081100000, 0x0000000081100000|100%| O|  |TAMS 0x0000000081000000| PB 0x0000000081000000| Untracked 
|  17|0x0000000081100000, 0x0000000081200000, 0x0000000081200000|100%| O|  |TAMS 0x0000000081100000| PB 0x0000000081100000| Untracked 
|  18|0x0000000081200000, 0x0000000081300000, 0x0000000081300000|100%| O|  |TAMS 0x0000000081200000| PB 0x0000000081200000| Untracked 
|  19|0x0000000081300000, 0x0000000081400000, 0x0000000081400000|100%| O|  |TAMS 0x0000000081300000| PB 0x0000000081300000| Untracked 
|  20|0x0000000081400000, 0x0000000081500000, 0x0000000081500000|100%| O|  |TAMS 0x0000000081400000| PB 0x0000000081400000| Untracked 
|  21|0x0000000081500000, 0x0000000081600000, 0x0000000081600000|100%|HS|  |TAMS 0x0000000081500000| PB 0x0000000081500000| Complete 
|  22|0x0000000081600000, 0x0000000081700000, 0x0000000081700000|100%|HC|  |TAMS 0x0000000081600000| PB 0x0000000081600000| Complete 
|  23|0x0000000081700000, 0x0000000081800000, 0x0000000081800000|100%|HC|  |TAMS 0x0000000081700000| PB 0x0000000081700000| Complete 
|  24|0x0000000081800000, 0x0000000081900000, 0x0000000081900000|100%|HC|  |TAMS 0x0000000081800000| PB 0x0000000081800000| Complete 
|  25|0x0000000081900000, 0x0000000081a00000, 0x0000000081a00000|100%|HC|  |TAMS 0x0000000081900000| PB 0x0000000081900000| Complete 
|  26|0x0000000081a00000, 0x0000000081b00000, 0x0000000081b00000|100%|HC|  |TAMS 0x0000000081a00000| PB 0x0000000081a00000| Complete 
|  27|0x0000000081b00000, 0x0000000081c00000, 0x0000000081c00000|100%|HS|  |TAMS 0x0000000081b00000| PB 0x0000000081b00000| Complete 
|  28|0x0000000081c00000, 0x0000000081d00000, 0x0000000081d00000|100%|HC|  |TAMS 0x0000000081c00000| PB 0x0000000081c00000| Complete 
|  29|0x0000000081d00000, 0x0000000081e00000, 0x0000000081e00000|100%|HC|  |TAMS 0x0000000081d00000| PB 0x0000000081d00000| Complete 
|  30|0x0000000081e00000, 0x0000000081f00000, 0x0000000081f00000|100%|HC|  |TAMS 0x0000000081e00000| PB 0x0000000081e00000| Complete 
|  31|0x0000000081f00000, 0x0000000082000000, 0x0000000082000000|100%| O|  |TAMS 0x0000000081f00000| PB 0x0000000081f00000| Untracked 
|  32|0x0000000082000000, 0x0000000082100000, 0x0000000082100000|100%|HS|  |TAMS 0x0000000082000000| PB 0x0000000082000000| Complete 
|  33|0x0000000082100000, 0x0000000082200000, 0x0000000082200000|100%|HC|  |TAMS 0x0000000082100000| PB 0x0000000082100000| Complete 
|  34|0x0000000082200000, 0x0000000082300000, 0x0000000082300000|100%| O|Cm|TAMS 0x0000000082200000| PB 0x0000000082200000| Complete 
|  35|0x0000000082300000, 0x0000000082400000, 0x0000000082400000|100%| O|  |TAMS 0x0000000082300000| PB 0x0000000082300000| Untracked 
|  36|0x0000000082400000, 0x0000000082500000, 0x0000000082500000|100%| O|  |TAMS 0x0000000082400000| PB 0x0000000082400000| Untracked 
|  37|0x0000000082500000, 0x0000000082600000, 0x0000000082600000|100%| O|  |TAMS 0x0000000082500000| PB 0x0000000082500000| Untracked 
|  38|0x0000000082600000, 0x0000000082700000, 0x0000000082700000|100%| O|  |TAMS 0x0000000082600000| PB 0x0000000082600000| Untracked 
|  39|0x0000000082700000, 0x0000000082800000, 0x0000000082800000|100%|HS|  |TAMS 0x0000000082700000| PB 0x0000000082700000| Complete 
|  40|0x0000000082800000, 0x0000000082900000, 0x0000000082900000|100%| O|  |TAMS 0x0000000082800000| PB 0x0000000082800000| Untracked 
|  41|0x0000000082900000, 0x0000000082a00000, 0x0000000082a00000|100%| O|  |TAMS 0x0000000082900000| PB 0x0000000082900000| Untracked 
|  42|0x0000000082a00000, 0x0000000082b00000, 0x0000000082b00000|100%| O|  |TAMS 0x0000000082a00000| PB 0x0000000082a00000| Untracked 
|  43|0x0000000082b00000, 0x0000000082c00000, 0x0000000082c00000|100%| O|  |TAMS 0x0000000082b00000| PB 0x0000000082b00000| Untracked 
|  44|0x0000000082c00000, 0x0000000082d00000, 0x0000000082d00000|100%| O|  |TAMS 0x0000000082c00000| PB 0x0000000082c00000| Untracked 
|  45|0x0000000082d00000, 0x0000000082df24f0, 0x0000000082e00000| 94%| O|  |TAMS 0x0000000082d00000| PB 0x0000000082d00000| Untracked 
|  46|0x0000000082e00000, 0x0000000082e00000, 0x0000000082f00000|  0%| F|  |TAMS 0x0000000082e00000| PB 0x0000000082e00000| Untracked 
|  47|0x0000000082f00000, 0x0000000082f00000, 0x0000000083000000|  0%| F|  |TAMS 0x0000000082f00000| PB 0x0000000082f00000| Untracked 
|  48|0x0000000083000000, 0x0000000083000000, 0x0000000083100000|  0%| F|  |TAMS 0x0000000083000000| PB 0x0000000083000000| Untracked 
|  49|0x0000000083100000, 0x0000000083100000, 0x0000000083200000|  0%| F|  |TAMS 0x0000000083100000| PB 0x0000000083100000| Untracked 
|  50|0x0000000083200000, 0x0000000083200000, 0x0000000083300000|  0%| F|  |TAMS 0x0000000083200000| PB 0x0000000083200000| Untracked 
|  51|0x0000000083300000, 0x0000000083300000, 0x0000000083400000|  0%| F|  |TAMS 0x0000000083300000| PB 0x0000000083300000| Untracked 
|  52|0x0000000083400000, 0x0000000083400000, 0x0000000083500000|  0%| F|  |TAMS 0x0000000083400000| PB 0x0000000083400000| Untracked 
|  53|0x0000000083500000, 0x0000000083500000, 0x0000000083600000|  0%| F|  |TAMS 0x0000000083500000| PB 0x0000000083500000| Untracked 
|  54|0x0000000083600000, 0x0000000083600000, 0x0000000083700000|  0%| F|  |TAMS 0x0000000083600000| PB 0x0000000083600000| Untracked 
|  55|0x0000000083700000, 0x0000000083700000, 0x0000000083800000|  0%| F|  |TAMS 0x0000000083700000| PB 0x0000000083700000| Untracked 
|  56|0x0000000083800000, 0x0000000083800000, 0x0000000083900000|  0%| F|  |TAMS 0x0000000083800000| PB 0x0000000083800000| Untracked 
|  57|0x0000000083900000, 0x0000000083900000, 0x0000000083a00000|  0%| F|  |TAMS 0x0000000083900000| PB 0x0000000083900000| Untracked 
|  58|0x0000000083a00000, 0x0000000083ac14e8, 0x0000000083b00000| 75%| S|CS|TAMS 0x0000000083a00000| PB 0x0000000083a00000| Complete 
|  59|0x0000000083b00000, 0x0000000083c00000, 0x0000000083c00000|100%| S|CS|TAMS 0x0000000083b00000| PB 0x0000000083b00000| Complete 
|  60|0x0000000083c00000, 0x0000000083c00000, 0x0000000083d00000|  0%| F|  |TAMS 0x0000000083c00000| PB 0x0000000083c00000| Untracked 
|  61|0x0000000083d00000, 0x0000000083d00000, 0x0000000083e00000|  0%| F|  |TAMS 0x0000000083d00000| PB 0x0000000083d00000| Untracked 
|  62|0x0000000083e00000, 0x0000000083e00000, 0x0000000083f00000|  0%| F|  |TAMS 0x0000000083e00000| PB 0x0000000083e00000| Untracked 
|  63|0x0000000083f00000, 0x0000000083f00000, 0x0000000084000000|  0%| F|  |TAMS 0x0000000083f00000| PB 0x0000000083f00000| Untracked 
|  64|0x0000000084000000, 0x0000000084000000, 0x0000000084100000|  0%| F|  |TAMS 0x0000000084000000| PB 0x0000000084000000| Untracked 
|  65|0x0000000084100000, 0x0000000084100000, 0x0000000084200000|  0%| F|  |TAMS 0x0000000084100000| PB 0x0000000084100000| Untracked 
|  66|0x0000000084200000, 0x0000000084200000, 0x0000000084300000|  0%| F|  |TAMS 0x0000000084200000| PB 0x0000000084200000| Untracked 
|  67|0x0000000084300000, 0x0000000084300000, 0x0000000084400000|  0%| F|  |TAMS 0x0000000084300000| PB 0x0000000084300000| Untracked 
|  68|0x0000000084400000, 0x0000000084400000, 0x0000000084500000|  0%| F|  |TAMS 0x0000000084400000| PB 0x0000000084400000| Untracked 
|  69|0x0000000084500000, 0x0000000084500000, 0x0000000084600000|  0%| F|  |TAMS 0x0000000084500000| PB 0x0000000084500000| Untracked 
|  70|0x0000000084600000, 0x0000000084600000, 0x0000000084700000|  0%| F|  |TAMS 0x0000000084600000| PB 0x0000000084600000| Untracked 
|  71|0x0000000084700000, 0x0000000084700000, 0x0000000084800000|  0%| F|  |TAMS 0x0000000084700000| PB 0x0000000084700000| Untracked 
|  72|0x0000000084800000, 0x0000000084800000, 0x0000000084900000|  0%| F|  |TAMS 0x0000000084800000| PB 0x0000000084800000| Untracked 
|  73|0x0000000084900000, 0x0000000084900000, 0x0000000084a00000|  0%| F|  |TAMS 0x0000000084900000| PB 0x0000000084900000| Untracked 
|  74|0x0000000084a00000, 0x0000000084a00000, 0x0000000084b00000|  0%| F|  |TAMS 0x0000000084a00000| PB 0x0000000084a00000| Untracked 
| 113|0x0000000087100000, 0x0000000087100000, 0x0000000087200000|  0%| F|  |TAMS 0x0000000087100000| PB 0x0000000087100000| Untracked 
| 114|0x0000000087200000, 0x0000000087200000, 0x0000000087300000|  0%| F|  |TAMS 0x0000000087200000| PB 0x0000000087200000| Untracked 
| 126|0x0000000087e00000, 0x0000000087e00000, 0x0000000087f00000|  0%| F|  |TAMS 0x0000000087e00000| PB 0x0000000087e00000| Untracked 
| 127|0x0000000087f00000, 0x0000000087f63988, 0x0000000088000000| 38%| E|  |TAMS 0x0000000087f00000| PB 0x0000000087f00000| Complete 

Card table byte_map: [0x00000227416f0000,0x0000022741af0000] _byte_map_base: 0x00000227412f0000

Marking Bits: (CMBitMap*) 0x000002272f202060
 Bits: [0x0000022741af0000, 0x0000022743af0000)

Polling page: 0x000002272d060000

Metaspace:

Usage:
  Non-class:     40.43 MB used.
      Class:      6.49 MB used.
       Both:     46.91 MB used.

Virtual space:
  Non-class space:       64.00 MB reserved,      41.06 MB ( 64%) committed,  1 nodes.
      Class space:        1.00 GB reserved,       7.12 MB ( <1%) committed,  1 nodes.
             Both:        1.06 GB reserved,      48.19 MB (  4%) committed. 

Chunk freelists:
   Non-Class:  6.03 MB
       Class:  8.92 MB
        Both:  14.95 MB

MaxMetaspaceSize: unlimited
CompressedClassSpaceSize: 1.00 GB
Initial GC threshold: 21.00 MB
Current GC threshold: 76.88 MB
CDS: off
 - commit_granule_bytes: 65536.
 - commit_granule_words: 8192.
 - virtual_space_node_default_size: 8388608.
 - enlarge_chunks_in_place: 1.
 - use_allocation_guard: 0.


Internal statistics:

num_allocs_failed_limit: 3.
num_arena_births: 2284.
num_arena_deaths: 0.
num_vsnodes_births: 2.
num_vsnodes_deaths: 0.
num_space_committed: 771.
num_space_uncommitted: 0.
num_chunks_returned_to_freelist: 3.
num_chunks_taken_from_freelist: 4139.
num_chunk_merges: 3.
num_chunk_splits: 2647.
num_chunks_enlarged: 1626.
num_inconsistent_stats: 0.

CodeHeap 'non-profiled nmethods': size=120000Kb used=2438Kb max_used=2438Kb free=117561Kb
 bounds [0x0000022739dc0000, 0x000002273a030000, 0x00000227412f0000]
CodeHeap 'profiled nmethods': size=120000Kb used=7503Kb max_used=7503Kb free=112496Kb
 bounds [0x00000227322f0000, 0x0000022732a50000, 0x0000022739820000]
CodeHeap 'non-nmethods': size=5760Kb used=1909Kb max_used=1946Kb free=3851Kb
 bounds [0x0000022739820000, 0x0000022739a90000, 0x0000022739dc0000]
 total_blobs=4808 nmethods=4108 adapters=604
 compilation: enabled
              stopped_count=0, restarted_count=0
 full_count=0

Compilation events (20 events):
Event: 29.644 Thread 0x00000227461e5f10 nmethod 4740 0x0000022732a37190 code [0x0000022732a37400, 0x0000022732a37bf8]
Event: 29.644 Thread 0x00000227461e5f10 4741       3       java.util.BitSet::expandTo (23 bytes)
Event: 29.646 Thread 0x00000227461e5f10 nmethod 4741 0x0000022732a37f90 code [0x0000022732a38140, 0x0000022732a382d8]
Event: 29.646 Thread 0x00000227461e5f10 4743       3       java.util.HashMap::get (19 bytes)
Event: 29.646 Thread 0x00000227461e5f10 nmethod 4743 0x0000022732a38390 code [0x0000022732a38540, 0x0000022732a386f0]
Event: 29.648 Thread 0x00000227461e5f10 4744       3       java.util.HashMap::getNode (150 bytes)
Event: 29.650 Thread 0x00000227461e5f10 nmethod 4744 0x0000022732a38810 code [0x0000022732a38a80, 0x0000022732a396b8]
Event: 29.650 Thread 0x00000227461e5f10 4745       1       groovyjarjarantlr4.v4.runtime.CodePointCharStream::index (5 bytes)
Event: 29.650 Thread 0x00000227461e5f10 nmethod 4745 0x000002273a01e610 code [0x000002273a01e7a0, 0x000002273a01e868]
Event: 29.652 Thread 0x00000227461e5f10 4746       1       groovyjarjarantlr4.v4.runtime.dfa.DFA::getEmptyContextEdgeMap (5 bytes)
Event: 29.652 Thread 0x00000227461e5f10 nmethod 4746 0x000002273a01e910 code [0x000002273a01eaa0, 0x000002273a01eb68]
Event: 29.652 Thread 0x00000227461e5f10 4748       3       java.util.ArrayList::hashCodeRange (68 bytes)
Event: 29.653 Thread 0x00000227461e5f10 nmethod 4748 0x0000022732a39a90 code [0x0000022732a39c60, 0x0000022732a3a078]
Event: 29.653 Thread 0x00000227461e5f10 4747       1       groovyjarjarantlr4.v4.runtime.dfa.DFA::getEmptyEdgeMap (5 bytes)
Event: 29.653 Thread 0x00000227461e5f10 nmethod 4747 0x000002273a01ec10 code [0x000002273a01eda0, 0x000002273a01ee68]
Event: 29.654 Thread 0x00000227461e5f10 4749       3       java.util.LinkedList$ListItr::next (56 bytes)
Event: 29.655 Thread 0x00000227461e5f10 nmethod 4749 0x0000022732a3a210 code [0x0000022732a3a400, 0x0000022732a3a900]
Event: 29.664 Thread 0x00000227461e5f10 4752       1       groovyjarjarantlr4.v4.runtime.atn.PredicateTransition::isEpsilon (2 bytes)
Event: 29.679 Thread 0x00000227461e5f10 nmethod 4752 0x000002273a01ef10 code [0x000002273a01f0a0, 0x000002273a01f168]
Event: 29.679 Thread 0x00000227461e5f10 4753       3       groovyjarjarantlr4.v4.runtime.atn.ArrayPredictionContext::equals (244 bytes)

GC Heap History (20 events):
Event: 7.508 GC heap before
{Heap before GC invocations=3 (full 0):
 garbage-first heap   total 131072K, used 31381K [0x0000000080000000, 0x0000000100000000)
  region size 1024K, 23 young (23552K), 10 survivors (10240K)
 Metaspace       used 21193K, committed 21504K, reserved 1114112K
  class space    used 2461K, committed 2624K, reserved 1048576K
}
Event: 7.525 GC heap after
{Heap after GC invocations=4 (full 0):
 garbage-first heap   total 131072K, used 20850K [0x0000000080000000, 0x0000000100000000)
  region size 1024K, 2 young (2048K), 2 survivors (2048K)
 Metaspace       used 21193K, committed 21504K, reserved 1114112K
  class space    used 2461K, committed 2624K, reserved 1048576K
}
Event: 10.140 GC heap before
{Heap before GC invocations=5 (full 0):
 garbage-first heap   total 71680K, used 61810K [0x0000000080000000, 0x0000000100000000)
  region size 1024K, 42 young (43008K), 2 survivors (2048K)
 Metaspace       used 28098K, committed 28608K, reserved 1114112K
  class space    used 3540K, committed 3776K, reserved 1048576K
}
Event: 10.157 GC heap after
{Heap after GC invocations=6 (full 0):
 garbage-first heap   total 71680K, used 22806K [0x0000000080000000, 0x0000000100000000)
  region size 1024K, 4 young (4096K), 4 survivors (4096K)
 Metaspace       used 28098K, committed 28608K, reserved 1114112K
  class space    used 3540K, committed 3776K, reserved 1048576K
}
Event: 12.142 GC heap before
{Heap before GC invocations=6 (full 0):
 garbage-first heap   total 71680K, used 53526K [0x0000000080000000, 0x0000000100000000)
  region size 1024K, 34 young (34816K), 4 survivors (4096K)
 Metaspace       used 32181K, committed 32896K, reserved 1114112K
  class space    used 4215K, committed 4544K, reserved 1048576K
}
Event: 12.156 GC heap after
{Heap after GC invocations=7 (full 0):
 garbage-first heap   total 71680K, used 24395K [0x0000000080000000, 0x0000000100000000)
  region size 1024K, 5 young (5120K), 5 survivors (5120K)
 Metaspace       used 32181K, committed 32896K, reserved 1114112K
  class space    used 4215K, committed 4544K, reserved 1048576K
}
Event: 18.528 GC heap before
{Heap before GC invocations=7 (full 0):
 garbage-first heap   total 71680K, used 51019K [0x0000000080000000, 0x0000000100000000)
  region size 1024K, 22 young (22528K), 5 survivors (5120K)
 Metaspace       used 34610K, committed 35456K, reserved 1114112K
  class space    used 4656K, committed 5056K, reserved 1048576K
}
Event: 18.547 GC heap after
{Heap after GC invocations=8 (full 0):
 garbage-first heap   total 71680K, used 37415K [0x0000000080000000, 0x0000000100000000)
  region size 1024K, 5 young (5120K), 5 survivors (5120K)
 Metaspace       used 34610K, committed 35456K, reserved 1114112K
  class space    used 4656K, committed 5056K, reserved 1048576K
}
Event: 19.883 GC heap before
{Heap before GC invocations=9 (full 0):
 garbage-first heap   total 71680K, used 43559K [0x0000000080000000, 0x0000000100000000)
  region size 1024K, 10 young (10240K), 5 survivors (5120K)
 Metaspace       used 34971K, committed 35840K, reserved 1114112K
  class space    used 4710K, committed 5120K, reserved 1048576K
}
Event: 19.894 GC heap after
{Heap after GC invocations=10 (full 0):
 garbage-first heap   total 71680K, used 41797K [0x0000000080000000, 0x0000000100000000)
  region size 1024K, 2 young (2048K), 2 survivors (2048K)
 Metaspace       used 34971K, committed 35840K, reserved 1114112K
  class space    used 4710K, committed 5120K, reserved 1048576K
}
Event: 20.895 GC heap before
{Heap before GC invocations=11 (full 0):
 garbage-first heap   total 71680K, used 59205K [0x0000000080000000, 0x0000000100000000)
  region size 1024K, 18 young (18432K), 2 survivors (2048K)
 Metaspace       used 37159K, committed 38144K, reserved 1114112K
  class space    used 5034K, committed 5504K, reserved 1048576K
}
Event: 20.900 GC heap after
{Heap after GC invocations=12 (full 0):
 garbage-first heap   total 71680K, used 43506K [0x0000000080000000, 0x0000000100000000)
  region size 1024K, 3 young (3072K), 3 survivors (3072K)
 Metaspace       used 37159K, committed 38144K, reserved 1114112K
  class space    used 5034K, committed 5504K, reserved 1048576K
}
Event: 22.090 GC heap before
{Heap before GC invocations=12 (full 0):
 garbage-first heap   total 71680K, used 59890K [0x0000000080000000, 0x0000000100000000)
  region size 1024K, 19 young (19456K), 3 survivors (3072K)
 Metaspace       used 39132K, committed 40192K, reserved 1114112K
  class space    used 5374K, committed 5888K, reserved 1048576K
}
Event: 22.097 GC heap after
{Heap after GC invocations=13 (full 0):
 garbage-first heap   total 71680K, used 44542K [0x0000000080000000, 0x0000000100000000)
  region size 1024K, 2 young (2048K), 2 survivors (2048K)
 Metaspace       used 39132K, committed 40192K, reserved 1114112K
  class space    used 5374K, committed 5888K, reserved 1048576K
}
Event: 23.379 GC heap before
{Heap before GC invocations=14 (full 0):
 garbage-first heap   total 75776K, used 61950K [0x0000000080000000, 0x0000000100000000)
  region size 1024K, 19 young (19456K), 2 survivors (2048K)
 Metaspace       used 41358K, committed 42560K, reserved 1114112K
  class space    used 5735K, committed 6336K, reserved 1048576K
}
Event: 23.389 GC heap after
{Heap after GC invocations=15 (full 0):
 garbage-first heap   total 75776K, used 45478K [0x0000000080000000, 0x0000000100000000)
  region size 1024K, 2 young (2048K), 2 survivors (2048K)
 Metaspace       used 41358K, committed 42560K, reserved 1114112K
  class space    used 5735K, committed 6336K, reserved 1048576K
}
Event: 25.386 GC heap before
{Heap before GC invocations=15 (full 0):
 garbage-first heap   total 75776K, used 64934K [0x0000000080000000, 0x0000000100000000)
  region size 1024K, 22 young (22528K), 2 survivors (2048K)
 Metaspace       used 45320K, committed 46592K, reserved 1114112K
  class space    used 6196K, committed 6848K, reserved 1048576K
}
Event: 25.398 GC heap after
{Heap after GC invocations=16 (full 0):
 garbage-first heap   total 75776K, used 46307K [0x0000000080000000, 0x0000000100000000)
  region size 1024K, 3 young (3072K), 3 survivors (3072K)
 Metaspace       used 45320K, committed 46592K, reserved 1114112K
  class space    used 6196K, committed 6848K, reserved 1048576K
}
Event: 26.808 GC heap before
{Heap before GC invocations=16 (full 0):
 garbage-first heap   total 75776K, used 65763K [0x0000000080000000, 0x0000000100000000)
  region size 1024K, 23 young (23552K), 3 survivors (3072K)
 Metaspace       used 45767K, committed 47104K, reserved 1114112K
  class space    used 6233K, committed 6912K, reserved 1048576K
}
Event: 26.821 GC heap after
{Heap after GC invocations=17 (full 0):
 garbage-first heap   total 75776K, used 47714K [0x0000000080000000, 0x0000000100000000)
  region size 1024K, 3 young (3072K), 3 survivors (3072K)
 Metaspace       used 45767K, committed 47104K, reserved 1114112K
  class space    used 6233K, committed 6912K, reserved 1048576K
}

Dll operation events (3 events):
Event: 0.030 Loaded shared library C:\Program Files\Android\Android Studio\jbr\bin\java.dll
Event: 0.045 Loaded shared library C:\Program Files\Android\Android Studio\jbr\bin\zip.dll
Event: 2.246 Loaded shared library C:\Program Files\Android\Android Studio\jbr\bin\verify.dll

Deoptimization events (20 events):
Event: 29.584 Thread 0x000002274b2c8a00 Uncommon trap: trap_request=0xffffff45 fr.pc=0x0000022739f6e9fc relative=0x00000000000003dc
Event: 29.584 Thread 0x000002274b2c8a00 Uncommon trap: reason=unstable_if action=reinterpret pc=0x0000022739f6e9fc method=java.util.HashMap.putVal(ILjava/lang/Object;Ljava/lang/Object;ZZ)Ljava/lang/Object; @ 162 c2
Event: 29.584 Thread 0x000002274b2c8a00 DEOPT PACKING pc=0x0000022739f6e9fc sp=0x00000037650f6250
Event: 29.584 Thread 0x000002274b2c8a00 DEOPT UNPACKING pc=0x00000227398746a2 sp=0x00000037650f6160 mode 2
Event: 29.585 Thread 0x000002274b2c8a00 Uncommon trap: trap_request=0xffffff45 fr.pc=0x0000022739f0df1c relative=0x000000000000037c
Event: 29.585 Thread 0x000002274b2c8a00 Uncommon trap: reason=unstable_if action=reinterpret pc=0x0000022739f0df1c method=java.util.HashMap.putVal(ILjava/lang/Object;Ljava/lang/Object;ZZ)Ljava/lang/Object; @ 162 c2
Event: 29.585 Thread 0x000002274b2c8a00 DEOPT PACKING pc=0x0000022739f0df1c sp=0x00000037650f61a0
Event: 29.585 Thread 0x000002274b2c8a00 DEOPT UNPACKING pc=0x00000227398746a2 sp=0x00000037650f6150 mode 2
Event: 29.616 Thread 0x000002274b2c8a00 Uncommon trap: trap_request=0xffffff45 fr.pc=0x000002273a01ba08 relative=0x00000000000005e8
Event: 29.616 Thread 0x000002274b2c8a00 Uncommon trap: reason=unstable_if action=reinterpret pc=0x000002273a01ba08 method=groovyjarjarantlr4.v4.runtime.atn.ParserATNSimulator.getEpsilonTarget(Lgroovyjarjarantlr4/v4/runtime/atn/ATNConfig;Lgroovyjarjarantlr4/v4/runtime/atn/Transition;ZZLgroovyjar
Event: 29.616 Thread 0x000002274b2c8a00 DEOPT PACKING pc=0x000002273a01ba08 sp=0x00000037650f5080
Event: 29.616 Thread 0x000002274b2c8a00 DEOPT UNPACKING pc=0x00000227398746a2 sp=0x00000037650f5028 mode 2
Event: 29.643 Thread 0x000002274b2c8a00 Uncommon trap: trap_request=0xffffff45 fr.pc=0x0000022739fe9290 relative=0x0000000000000250
Event: 29.643 Thread 0x000002274b2c8a00 Uncommon trap: reason=unstable_if action=reinterpret pc=0x0000022739fe9290 method=java.util.HashMap.getNode(Ljava/lang/Object;)Ljava/util/HashMap$Node; @ 85 c2
Event: 29.643 Thread 0x000002274b2c8a00 DEOPT PACKING pc=0x0000022739fe9290 sp=0x00000037650f5e70
Event: 29.643 Thread 0x000002274b2c8a00 DEOPT UNPACKING pc=0x00000227398746a2 sp=0x00000037650f5d70 mode 2
Event: 29.643 Thread 0x000002274b2c8a00 Uncommon trap: trap_request=0xffffff45 fr.pc=0x0000022739f6cc04 relative=0x0000000000000244
Event: 29.643 Thread 0x000002274b2c8a00 Uncommon trap: reason=unstable_if action=reinterpret pc=0x0000022739f6cc04 method=java.util.HashMap.getNode(Ljava/lang/Object;)Ljava/util/HashMap$Node; @ 85 c2
Event: 29.643 Thread 0x000002274b2c8a00 DEOPT PACKING pc=0x0000022739f6cc04 sp=0x00000037650f5df0
Event: 29.643 Thread 0x000002274b2c8a00 DEOPT UNPACKING pc=0x00000227398746a2 sp=0x00000037650f5d70 mode 2

Classes loaded (20 events):
Event: 26.232 Loading class java/util/WeakHashMap$HashIterator done
Event: 26.232 Loading class java/util/WeakHashMap$KeyIterator done
Event: 27.890 Loading class java/lang/Byte$ByteCache
Event: 27.929 Loading class java/lang/Byte$ByteCache done
Event: 27.937 Loading class java/io/FileReader
Event: 27.937 Loading class java/io/FileReader done
Event: 27.985 Loading class java/util/EmptyStackException
Event: 27.985 Loading class java/util/EmptyStackException done
Event: 28.030 Loading class java/util/DualPivotQuicksort
Event: 28.034 Loading class java/util/DualPivotQuicksort done
Event: 28.051 Loading class java/io/InvalidClassException
Event: 28.052 Loading class java/io/InvalidClassException done
Event: 28.625 Loading class java/util/BitSet
Event: 28.634 Loading class java/util/BitSet done
Event: 28.687 Loading class java/util/concurrent/locks/ReentrantReadWriteLock$FairSync
Event: 28.687 Loading class java/util/concurrent/locks/ReentrantReadWriteLock$FairSync done
Event: 29.176 Loading class java/util/concurrent/atomic/AtomicIntegerArray
Event: 29.258 Loading class java/util/concurrent/atomic/AtomicIntegerArray done
Event: 29.258 Loading class java/lang/invoke/VarHandleInts$Array
Event: 29.260 Loading class java/lang/invoke/VarHandleInts$Array done

Classes unloaded (0 events):
No events

Classes redefined (0 events):
No events

Internal exceptions (20 events):
Event: 22.635 Thread 0x000002274b2c8a00 Exception <a 'java/lang/NoSuchMethodError'{0x0000000084185718}: 'java.lang.Object java.lang.invoke.DirectMethodHandle$Holder.invokeStaticInit(java.lang.Object, java.lang.Object, java.lang.Object)'> (0x0000000084185718) 
thrown [s\src\hotspot\share\interpreter\linkResolver.cpp, line 784]
Event: 23.068 Thread 0x000002274b2c8a00 Exception <a 'java/lang/NoSuchMethodError'{0x0000000083f5d338}: 'java.lang.Object java.lang.invoke.DirectMethodHandle$Holder.newInvokeSpecial(java.lang.Object, java.lang.Object, java.lang.Object, java.lang.Object, java.lang.Object, java.lang.Object, java.lang.Object, java.lang.Object, java.lang.Object, java.lang.Object, java.lang.Object)'> (0x0000000083f5d338) 
thrown [s\src\hotspot\share\interpreter\linkResolver.cpp, line 784]
Event: 23.122 Thread 0x000002274b2c8a00 Exception <a 'java/lang/NoSuchMethodError'{0x0000000083fc1760}: 'java.lang.Object java.lang.invoke.DirectMethodHandle$Holder.newInvokeSpecial(java.lang.Object, java.lang.Object, java.lang.Object, java.lang.Object, java.lang.Object, java.lang.Object, java.lang.Object, java.lang.Object, java.lang.Object, java.lang.Object, java.lang.Object, java.lang.Object, java.lang.Object, java.lang.Object)'> (0x0000000083fc1760) 
thrown [s\src\hotspot\share\interpreter\linkResolver.cpp, line 784]
Event: 23.206 Thread 0x000002274b2c8a00 Exception <a 'java/lang/NoSuchMethodError'{0x0000000083d22718}: 'java.lang.Object java.lang.invoke.DelegatingMethodHandle$Holder.reinvoke_L(java.lang.Object, java.lang.Object, java.lang.Object, java.lang.Object, java.lang.Object, java.lang.Object, java.lang.Object, java.lang.Object, java.lang.Object, java.lang.Object, java.lang.Object, java.lang.Object, java.lang.Object, java.lang.Object, java.lang.Object, java.lang.Object, java.lang.Object, java.lang.Object, java.lang.Object, java.lang.Object, java.lang.O
Event: 23.223 Thread 0x000002274b2c8a00 Exception <a 'java/lang/NoSuchMethodError'{0x0000000083dff6b8}: 'java.lang.Object java.lang.invoke.DirectMethodHandle$Holder.invokeStatic(java.lang.Object, java.lang.Object, java.lang.Object, java.lang.Object, java.lang.Object, java.lang.Object, java.lang.Object, java.lang.Object, java.lang.Object, java.lang.Object, java.lang.Object, java.lang.Object, java.lang.Object, java.lang.Object, java.lang.Object, java.lang.Object, java.lang.Object, java.lang.Object, java.lang.Object, java.lang.Object, java.lang.Obj
Event: 23.229 Thread 0x000002274b2c8a00 Exception <a 'java/lang/NoSuchMethodError'{0x0000000083c36568}: 'java.lang.Object java.lang.invoke.DirectMethodHandle$Holder.invokeStatic(java.lang.Object, java.lang.Object, java.lang.Object, java.lang.Object, java.lang.Object, java.lang.Object, java.lang.Object, java.lang.Object, java.lang.Object, java.lang.Object, java.lang.Object, java.lang.Object, java.lang.Object, java.lang.Object, java.lang.Object, java.lang.Object, java.lang.Object, java.lang.Object, java.lang.Object, java.lang.Object, java.lang.Obj
Event: 23.235 Thread 0x000002274b2c8a00 Exception <a 'java/lang/NoSuchMethodError'{0x0000000083c6da50}: 'java.lang.Object java.lang.invoke.DirectMethodHandle$Holder.invokeStatic(java.lang.Object, java.lang.Object, java.lang.Object, java.lang.Object, java.lang.Object, java.lang.Object, java.lang.Object, java.lang.Object, java.lang.Object, java.lang.Object, java.lang.Object, java.lang.Object, java.lang.Object, java.lang.Object, java.lang.Object, java.lang.Object, java.lang.Object, java.lang.Object, java.lang.Object, java.lang.Object, java.lang.Obj
Event: 23.257 Thread 0x000002274b2c8a00 Exception <a 'java/lang/NoSuchMethodError'{0x0000000083b00d68}: 'java.lang.Object java.lang.invoke.DirectMethodHandle$Holder.newInvokeSpecial(java.lang.Object, java.lang.Object, java.lang.Object, java.lang.Object, java.lang.Object, java.lang.Object, java.lang.Object, java.lang.Object, java.lang.Object, java.lang.Object, java.lang.Object, java.lang.Object, java.lang.Object, java.lang.Object, java.lang.Object, java.lang.Object, java.lang.Object, java.lang.Object)'> (0x0000000083b00d68) 
thrown [s\src\hotspot
Event: 23.264 Thread 0x000002274b2c8a00 Exception <a 'java/lang/NoSuchMethodError'{0x0000000083b07750}: 'java.lang.Object java.lang.invoke.DirectMethodHandle$Holder.invokeSpecial(java.lang.Object, java.lang.Object, java.lang.Object, java.lang.Object, java.lang.Object, java.lang.Object, java.lang.Object, java.lang.Object, java.lang.Object, java.lang.Object, java.lang.Object, java.lang.Object, java.lang.Object, java.lang.Object, java.lang.Object, java.lang.Object, java.lang.Object, java.lang.Object, java.lang.Object)'> (0x0000000083b07750) 
thrown
Event: 23.265 Thread 0x000002274b2c8a00 Exception <a 'java/lang/NoSuchMethodError'{0x0000000083b0ce08}: 'java.lang.Object java.lang.invoke.DelegatingMethodHandle$Holder.reinvoke_L(java.lang.Object, java.lang.Object, java.lang.Object, java.lang.Object, java.lang.Object, java.lang.Object, java.lang.Object, java.lang.Object, java.lang.Object, java.lang.Object, java.lang.Object, java.lang.Object, java.lang.Object, java.lang.Object, java.lang.Object, java.lang.Object, java.lang.Object, java.lang.Object)'> (0x0000000083b0ce08) 
thrown [s\src\hotspot\s
Event: 23.304 Thread 0x000002274b2c8a00 Exception <a 'java/lang/NoSuchMethodError'{0x0000000083a4a118}: 'java.lang.Object java.lang.invoke.DirectMethodHandle$Holder.newInvokeSpecial(java.lang.Object, java.lang.Object, java.lang.Object, java.lang.Object, java.lang.Object, java.lang.Object, java.lang.Object, java.lang.Object, java.lang.Object, java.lang.Object, java.lang.Object, java.lang.Object)'> (0x0000000083a4a118) 
thrown [s\src\hotspot\share\interpreter\linkResolver.cpp, line 784]
Event: 23.401 Thread 0x000002274b2c8a00 Exception <a 'java/lang/NoSuchMethodError'{0x0000000087f487b8}: 'java.lang.Object java.lang.invoke.DirectMethodHandle$Holder.newInvokeSpecial(java.lang.Object, java.lang.Object, java.lang.Object, java.lang.Object, java.lang.Object, java.lang.Object, java.lang.Object, java.lang.Object, java.lang.Object)'> (0x0000000087f487b8) 
thrown [s\src\hotspot\share\interpreter\linkResolver.cpp, line 784]
Event: 23.552 Thread 0x000002274b2c8a00 Exception <a 'java/lang/IncompatibleClassChangeError'{0x00000000872dc210}: Found class java.lang.Object, but interface was expected> (0x00000000872dc210) 
thrown [s\src\hotspot\share\interpreter\linkResolver.cpp, line 851]
Event: 23.631 Thread 0x000002274b2c8a00 Exception <a 'java/lang/IncompatibleClassChangeError'{0x000000008451c280}: Found class java.lang.Object, but interface was expected> (0x000000008451c280) 
thrown [s\src\hotspot\share\interpreter\linkResolver.cpp, line 851]
Event: 23.848 Thread 0x000002274b2c8a00 Exception <a 'java/lang/NoSuchMethodError'{0x000000008457a090}: 'void java.lang.invoke.DirectMethodHandle$Holder.invokeStatic(java.lang.Object, java.lang.Object, java.lang.Object, java.lang.Object, java.lang.Object, java.lang.Object)'> (0x000000008457a090) 
thrown [s\src\hotspot\share\interpreter\linkResolver.cpp, line 784]
Event: 23.980 Thread 0x000002274b2c8a00 Exception <a 'java/lang/NoSuchMethodError'{0x0000000084408410}: 'void java.lang.invoke.DirectMethodHandle$Holder.invokeVirtual(java.lang.Object, java.lang.Object)'> (0x0000000084408410) 
thrown [s\src\hotspot\share\interpreter\linkResolver.cpp, line 784]
Event: 24.750 Thread 0x000002274b2c8a00 Exception <a 'java/lang/NoSuchMethodError'{0x0000000083e7f938}: 'void java.lang.invoke.DirectMethodHandle$Holder.invokeStaticInit(java.lang.Object, java.lang.Object, java.lang.Object)'> (0x0000000083e7f938) 
thrown [s\src\hotspot\share\interpreter\linkResolver.cpp, line 784]
Event: 24.762 Thread 0x000002274b2c8a00 Exception <a 'java/lang/NoSuchMethodError'{0x0000000083ea40a8}: 'void java.lang.invoke.DirectMethodHandle$Holder.invokeStaticInit(java.lang.Object, java.lang.Object, java.lang.Object, java.lang.Object, java.lang.Object)'> (0x0000000083ea40a8) 
thrown [s\src\hotspot\share\interpreter\linkResolver.cpp, line 784]
Event: 25.183 Thread 0x000002274b2c8a00 Exception <a 'java/lang/NoSuchMethodError'{0x0000000083536470}: 'java.lang.Object java.lang.invoke.DirectMethodHandle$Holder.invokeStatic(java.lang.Object, int, java.lang.Object)'> (0x0000000083536470) 
thrown [s\src\hotspot\share\interpreter\linkResolver.cpp, line 784]
Event: 26.600 Thread 0x000002274b2c8a00 Exception <a 'java/lang/NoSuchMethodError'{0x00000000837a5598}: 'void java.lang.invoke.Invokers$Holder.invokeExact_MT(java.lang.Object, java.lang.Object, java.lang.Object, java.lang.Object)'> (0x00000000837a5598) 
thrown [s\src\hotspot\share\interpreter\linkResolver.cpp, line 784]

ZGC Phase Switch (0 events):
No events

VM Operations (20 events):
Event: 26.399 Executing VM operation: Cleanup
Event: 26.431 Executing VM operation: Cleanup done
Event: 26.808 Executing VM operation: G1CollectForAllocation (G1 Evacuation Pause)
Event: 26.821 Executing VM operation: G1CollectForAllocation (G1 Evacuation Pause) done
Event: 26.917 Executing VM operation: G1PauseRemark
Event: 26.922 Executing VM operation: G1PauseRemark done
Event: 26.954 Executing VM operation: G1PauseCleanup
Event: 26.954 Executing VM operation: G1PauseCleanup done
Event: 27.966 Executing VM operation: Cleanup
Event: 27.966 Executing VM operation: Cleanup done
Event: 28.972 Executing VM operation: Cleanup
Event: 28.988 Executing VM operation: Cleanup done
Event: 29.168 Executing VM operation: HandshakeAllThreads (Deoptimize)
Event: 29.168 Executing VM operation: HandshakeAllThreads (Deoptimize) done
Event: 29.456 Executing VM operation: HandshakeAllThreads (Deoptimize)
Event: 29.456 Executing VM operation: HandshakeAllThreads (Deoptimize) done
Event: 29.614 Executing VM operation: HandshakeAllThreads (Deoptimize)
Event: 29.614 Executing VM operation: HandshakeAllThreads (Deoptimize) done
Event: 29.647 Executing VM operation: ICBufferFull
Event: 29.647 Executing VM operation: ICBufferFull done

Memory protections (0 events):
No events

Nmethod flushes (20 events):
Event: 26.921 Thread 0x0000022746006a80 flushing  nmethod 0x00000227326af990
Event: 26.921 Thread 0x0000022746006a80 flushing  nmethod 0x00000227326dee90
Event: 26.921 Thread 0x0000022746006a80 flushing  nmethod 0x0000022732766610
Event: 26.921 Thread 0x0000022746006a80 flushing  nmethod 0x0000022732767590
Event: 26.921 Thread 0x0000022746006a80 flushing  nmethod 0x0000022732768390
Event: 26.921 Thread 0x0000022746006a80 flushing  nmethod 0x0000022732769a90
Event: 26.921 Thread 0x0000022746006a80 flushing  nmethod 0x0000022739e73e10
Event: 26.921 Thread 0x0000022746006a80 flushing  nmethod 0x00000227323d9090
Event: 26.921 Thread 0x0000022746006a80 flushing  nmethod 0x00000227323d9590
Event: 26.921 Thread 0x0000022746006a80 flushing  nmethod 0x00000227323d9990
Event: 26.921 Thread 0x0000022746006a80 flushing  nmethod 0x0000022732422410
Event: 26.921 Thread 0x0000022746006a80 flushing  nmethod 0x0000022732472a90
Event: 26.921 Thread 0x0000022746006a80 flushing  nmethod 0x0000022732540a90
Event: 26.921 Thread 0x0000022746006a80 flushing  nmethod 0x0000022732547990
Event: 26.921 Thread 0x0000022746006a80 flushing  nmethod 0x0000022732610090
Event: 26.921 Thread 0x0000022746006a80 flushing  nmethod 0x00000227327d4010
Event: 26.921 Thread 0x0000022746006a80 flushing  nmethod 0x00000227327d4510
Event: 26.921 Thread 0x0000022746006a80 flushing  nmethod 0x00000227328cd410
Event: 26.921 Thread 0x0000022746006a80 flushing  nmethod 0x0000022732918c10
Event: 26.921 Thread 0x0000022746006a80 flushing  nmethod 0x0000022732939690

Events (20 events):
Event: 12.068 Thread 0x000002274b2c8a00 Thread added: 0x000002274b76f1a0
Event: 12.089 Thread 0x000002274b2c8a00 Thread added: 0x000002274b770be0
Event: 12.483 Thread 0x000002274b2c8a00 Thread added: 0x000002274b771270
Event: 12.495 Thread 0x000002274b2c8a00 Thread added: 0x000002274b45d4e0
Event: 12.515 Thread 0x000002274c85d660 Thread exited: 0x000002274c85d660
Event: 12.562 Thread 0x00000227461e5f10 Thread added: 0x000002274c85d660
Event: 13.008 Thread 0x000002274c85d660 Thread exited: 0x000002274c85d660
Event: 17.261 Thread 0x000002274b2c8a00 Thread added: 0x000002274b45c7c0
Event: 17.261 Thread 0x000002274b2c8a00 Thread added: 0x000002274b45b410
Event: 17.261 Thread 0x000002274b2c8a00 Thread added: 0x000002274b45e200
Event: 17.261 Thread 0x000002274b2c8a00 Thread added: 0x000002274b45ce50
Event: 19.468 Thread 0x00000227461e5f10 Thread added: 0x0000022746764800
Event: 20.438 Thread 0x0000022746764800 Thread exited: 0x0000022746764800
Event: 21.380 Thread 0x000002274b2c8a00 Thread added: 0x000002274b45baa0
Event: 21.795 Thread 0x000002274b2c8a00 Thread added: 0x000002274b45c130
Event: 22.355 Thread 0x000002274b2c8a00 Thread added: 0x000002274b45db70
Event: 23.115 Thread 0x000002274b2c8a00 Thread added: 0x000002274b45ad80
Event: 25.096 Thread 0x00000227461c6b30 Thread added: 0x000002274d4fe030
Event: 26.584 Thread 0x000002274d4fe030 Thread exited: 0x000002274d4fe030
Event: 29.629 Thread 0x00000227461e5f10 Thread added: 0x000002274cc01c10


Dynamic libraries:
0x00007ff779100000 - 0x00007ff77910a000 	C:\Program Files\Android\Android Studio\jbr\bin\java.exe
0x00007ffa05fa0000 - 0x00007ffa06203000 	C:\WINDOWS\SYSTEM32\ntdll.dll
0x00007ffa05210000 - 0x00007ffa052d7000 	C:\WINDOWS\System32\KERNEL32.DLL
0x00007ffa03680000 - 0x00007ffa03a49000 	C:\WINDOWS\System32\KERNELBASE.dll
0x00007ff9ffe10000 - 0x00007ff9ffeac000 	C:\WINDOWS\SYSTEM32\apphelp.dll
0x00007ffa03af0000 - 0x00007ffa03c3c000 	C:\WINDOWS\System32\ucrtbase.dll
0x00007ff9da820000 - 0x00007ff9da838000 	C:\Program Files\Android\Android Studio\jbr\bin\jli.dll
0x00007ffa05d30000 - 0x00007ffa05efa000 	C:\WINDOWS\System32\USER32.dll
0x00007ff9ebfd0000 - 0x00007ff9ebfeb000 	C:\Program Files\Android\Android Studio\jbr\bin\VCRUNTIME140.dll
0x00007ffa03650000 - 0x00007ffa03677000 	C:\WINDOWS\System32\win32u.dll
0x00007ffa03e60000 - 0x00007ffa03e8a000 	C:\WINDOWS\System32\GDI32.dll
0x00007ffa03480000 - 0x00007ffa035b1000 	C:\WINDOWS\System32\gdi32full.dll
0x00007ffa03260000 - 0x00007ffa03303000 	C:\WINDOWS\System32\msvcp_win.dll
0x00007ff9e9260000 - 0x00007ff9e94f0000 	C:\WINDOWS\WinSxS\amd64_microsoft.windows.common-controls_6595b64144ccf1df_6.0.26100.3323_none_3e088096e3344490\COMCTL32.dll
0x00007ffa05110000 - 0x00007ffa051b9000 	C:\WINDOWS\System32\msvcrt.dll
0x00007ffa051c0000 - 0x00007ffa051ef000 	C:\WINDOWS\System32\IMM32.DLL
0x00007ff9f3280000 - 0x00007ff9f328c000 	C:\Program Files\Android\Android Studio\jbr\bin\vcruntime140_1.dll
0x00007ff9cdf10000 - 0x00007ff9cdf9d000 	C:\Program Files\Android\Android Studio\jbr\bin\msvcp140.dll
0x00007ff9b84e0000 - 0x00007ff9b916a000 	C:\Program Files\Android\Android Studio\jbr\bin\server\jvm.dll
0x00007ffa04c30000 - 0x00007ffa04ce2000 	C:\WINDOWS\System32\ADVAPI32.dll
0x00007ffa05b20000 - 0x00007ffa05bc6000 	C:\WINDOWS\System32\sechost.dll
0x00007ffa052e0000 - 0x00007ffa053f6000 	C:\WINDOWS\System32\RPCRT4.dll
0x00007ffa04420000 - 0x00007ffa04494000 	C:\WINDOWS\System32\WS2_32.dll
0x00007ffa03030000 - 0x00007ffa0307e000 	C:\WINDOWS\SYSTEM32\POWRPROF.dll
0x00007ff9f3450000 - 0x00007ff9f345b000 	C:\WINDOWS\SYSTEM32\VERSION.dll
0x00007ff9e84c0000 - 0x00007ff9e84f6000 	C:\WINDOWS\SYSTEM32\WINMM.dll
0x00007ffa03010000 - 0x00007ffa03024000 	C:\WINDOWS\SYSTEM32\UMPDC.dll
0x00007ffa01fc0000 - 0x00007ffa01fda000 	C:\WINDOWS\SYSTEM32\kernel.appcore.dll
0x00007ff9f3190000 - 0x00007ff9f319a000 	C:\Program Files\Android\Android Studio\jbr\bin\jimage.dll
0x00007ff9ffbc0000 - 0x00007ff9ffe01000 	C:\WINDOWS\SYSTEM32\DBGHELP.DLL
0x00007ffa03f90000 - 0x00007ffa04312000 	C:\WINDOWS\System32\combase.dll
0x00007ffa05c50000 - 0x00007ffa05d26000 	C:\WINDOWS\System32\OLEAUT32.dll
0x00007ff9e9220000 - 0x00007ff9e9259000 	C:\WINDOWS\SYSTEM32\dbgcore.DLL
0x00007ffa03a50000 - 0x00007ffa03ae9000 	C:\WINDOWS\System32\bcryptPrimitives.dll
0x00007ff9f0a30000 - 0x00007ff9f0a3e000 	C:\Program Files\Android\Android Studio\jbr\bin\instrument.dll
0x00007ff9de3d0000 - 0x00007ff9de3f0000 	C:\Program Files\Android\Android Studio\jbr\bin\java.dll
0x00007ff9dcdc0000 - 0x00007ff9dcdd8000 	C:\Program Files\Android\Android Studio\jbr\bin\zip.dll
0x00007ffa05400000 - 0x00007ffa05b15000 	C:\WINDOWS\System32\SHELL32.dll
0x00007ffa03310000 - 0x00007ffa03478000 	C:\WINDOWS\System32\wintypes.dll
0x00007ffa00ec0000 - 0x00007ffa01705000 	C:\WINDOWS\SYSTEM32\windows.storage.dll
0x00007ffa03ea0000 - 0x00007ffa03f8b000 	C:\WINDOWS\System32\SHCORE.dll
0x00007ffa04b80000 - 0x00007ffa04bdd000 	C:\WINDOWS\System32\shlwapi.dll
0x00007ffa030b0000 - 0x00007ffa030df000 	C:\WINDOWS\SYSTEM32\profapi.dll
0x00007ff9f3140000 - 0x00007ff9f3150000 	C:\Program Files\Android\Android Studio\jbr\bin\net.dll
0x00007ff9f2e70000 - 0x00007ff9f2f8e000 	C:\WINDOWS\SYSTEM32\WINHTTP.dll
0x00007ffa024e0000 - 0x00007ffa0254a000 	C:\WINDOWS\system32\mswsock.dll
0x00007ff9db510000 - 0x00007ff9db526000 	C:\Program Files\Android\Android Studio\jbr\bin\nio.dll
0x00007ff9f34a0000 - 0x00007ff9f34b0000 	C:\Program Files\Android\Android Studio\jbr\bin\verify.dll
0x00007ff9dd1b0000 - 0x00007ff9dd1d7000 	C:\Users\user\.gradle\native\c067742578af261105cb4f569cf0c3c89f3d7b1fecec35dd04571415982c5e48\windows-amd64\native-platform.dll
0x00007ff9bfa20000 - 0x00007ff9bfb64000 	C:\Users\user\.gradle\native\100fb08df4bc3b14c8652ba06237920a3bd2aa13389f12d3474272988ae205f9\windows-amd64\native-platform-file-events.dll
0x00007ff9ebfc0000 - 0x00007ff9ebfc9000 	C:\Program Files\Android\Android Studio\jbr\bin\management.dll
0x00007ff9e8500000 - 0x00007ff9e850b000 	C:\Program Files\Android\Android Studio\jbr\bin\management_ext.dll
0x00007ffa03e50000 - 0x00007ffa03e58000 	C:\WINDOWS\System32\PSAPI.DLL
0x00007ffa02780000 - 0x00007ffa0279c000 	C:\WINDOWS\SYSTEM32\CRYPTSP.dll
0x00007ffa01f20000 - 0x00007ffa01f5a000 	C:\WINDOWS\system32\rsaenh.dll
0x00007ffa02580000 - 0x00007ffa025ab000 	C:\WINDOWS\SYSTEM32\USERENV.dll
0x00007ffa029c0000 - 0x00007ffa029e6000 	C:\WINDOWS\SYSTEM32\bcrypt.dll
0x00007ffa027a0000 - 0x00007ffa027ac000 	C:\WINDOWS\SYSTEM32\CRYPTBASE.dll
0x00007ffa01a00000 - 0x00007ffa01a33000 	C:\WINDOWS\SYSTEM32\IPHLPAPI.DLL
0x00007ffa03e90000 - 0x00007ffa03e9a000 	C:\WINDOWS\System32\NSI.dll
0x00007ff9f23e0000 - 0x00007ff9f23e9000 	C:\Program Files\Android\Android Studio\jbr\bin\extnet.dll
0x00007ff9f30b0000 - 0x00007ff9f30b8000 	C:\WINDOWS\system32\wshunix.dll
0x00007ffa020e0000 - 0x00007ffa02115000 	C:\WINDOWS\SYSTEM32\ntmarta.dll

dbghelp: loaded successfully - version: 4.0.5 - missing functions: none
symbol engine: initialized successfully - sym options: 0x614 - pdb path: .;C:\Program Files\Android\Android Studio\jbr\bin;C:\WINDOWS\SYSTEM32;C:\WINDOWS\WinSxS\amd64_microsoft.windows.common-controls_6595b64144ccf1df_6.0.26100.3323_none_3e088096e3344490;C:\Program Files\Android\Android Studio\jbr\bin\server;C:\Users\user\.gradle\native\c067742578af261105cb4f569cf0c3c89f3d7b1fecec35dd04571415982c5e48\windows-amd64;C:\Users\user\.gradle\native\100fb08df4bc3b14c8652ba06237920a3bd2aa13389f12d3474272988ae205f9\windows-amd64

VM Arguments:
jvm_args: --add-opens=java.base/java.util=ALL-UNNAMED --add-opens=java.base/java.lang=ALL-UNNAMED --add-opens=java.base/java.lang.invoke=ALL-UNNAMED --add-opens=java.prefs/java.util.prefs=ALL-UNNAMED --add-exports=jdk.compiler/com.sun.tools.javac.api=ALL-UNNAMED --add-exports=jdk.compiler/com.sun.tools.javac.util=ALL-UNNAMED --add-opens=java.base/java.nio.charset=ALL-UNNAMED --add-opens=java.base/java.net=ALL-UNNAMED --add-opens=java.base/java.util.concurrent.atomic=ALL-UNNAMED -Xmx2048m -Dfile.encoding=UTF-8 -Duser.country=US -Duser.language=en -Duser.variant -javaagent:C:\Users\user\.gradle\wrapper\dists\gradle-8.10.2-bin\a04bxjujx95o3nb99gddekhwo\gradle-8.10.2\lib\agents\gradle-instrumentation-agent-8.10.2.jar 
java_command: org.gradle.launcher.daemon.bootstrap.GradleDaemon 8.10.2
java_class_path (initial): C:\Users\user\.gradle\wrapper\dists\gradle-8.10.2-bin\a04bxjujx95o3nb99gddekhwo\gradle-8.10.2\lib\gradle-daemon-main-8.10.2.jar
Launcher Type: SUN_STANDARD

[Global flags]
     intx CICompilerCount                          = 3                                         {product} {ergonomic}
     uint ConcGCThreads                            = 1                                         {product} {ergonomic}
     uint G1ConcRefinementThreads                  = 4                                         {product} {ergonomic}
   size_t G1HeapRegionSize                         = 1048576                                   {product} {ergonomic}
    uintx GCDrainStackTargetSize                   = 64                                        {product} {ergonomic}
   size_t InitialHeapSize                          = 134217728                                 {product} {ergonomic}
   size_t MarkStackSize                            = 4194304                                   {product} {ergonomic}
   size_t MaxHeapSize                              = 2147483648                                {product} {command line}
   size_t MaxNewSize                               = 1287651328                                {product} {ergonomic}
   size_t MinHeapDeltaBytes                        = 1048576                                   {product} {ergonomic}
   size_t MinHeapSize                              = 8388608                                   {product} {ergonomic}
    uintx NonNMethodCodeHeapSize                   = 5832780                                {pd product} {ergonomic}
    uintx NonProfiledCodeHeapSize                  = 122912730                              {pd product} {ergonomic}
    uintx ProfiledCodeHeapSize                     = 122912730                              {pd product} {ergonomic}
    uintx ReservedCodeCacheSize                    = 251658240                              {pd product} {ergonomic}
     bool SegmentedCodeCache                       = true                                      {product} {ergonomic}
   size_t SoftMaxHeapSize                          = 2147483648                             {manageable} {ergonomic}
     bool UseCompressedOops                        = true                           {product lp64_product} {ergonomic}
     bool UseG1GC                                  = true                                      {product} {ergonomic}
     bool UseLargePagesIndividualAllocation        = false                                  {pd product} {ergonomic}

Logging:
Log output configuration:
 #0: stdout all=warning uptime,level,tags foldmultilines=false
 #1: stderr all=off uptime,level,tags foldmultilines=false

Environment Variables:
JAVA_HOME=C:\Program Files\Microsoft\jdk-17.0.14.7-hotspot\
PATH=C:\Program Files\Microsoft\jdk-17.0.14.7-hotspot\bin;C:\WINDOWS\system32;C:\WINDOWS;C:\WINDOWS\System32\Wbem;C:\WINDOWS\System32\WindowsPowerShell\v1.0\;C:\WINDOWS\System32\OpenSSH\;C:\Program Files\nodejs\;C:\Program Files\PuTTY\;C:\Users\user\AppData\Local\Programs\Python\Python311\Scripts\;C:\Users\user\AppData\Local\Programs\Python\Python311\;C:\Users\user\AppData\Local\Microsoft\WindowsApps;C:\Users\user\AppData\Local\Programs\Microsoft VS Code Insiders\bin;C:\Users\user\AppData\Roaming\npm;C:\Program Files\Microsoft\jdk-17.0.14.7-hotspot\bin;C:\Program Files\Git\cmd;
USERNAME=user
OS=Windows_NT
PROCESSOR_IDENTIFIER=Intel64 Family 6 Model 78 Stepping 3, GenuineIntel
TMP=C:\Users\user\AppData\Local\Temp
TEMP=C:\Users\user\AppData\Local\Temp




Periodic native trim disabled

JNI global refs:
JNI global refs: 26, weak refs: 8

JNI global refs memory usage: 835, weak refs: 833

Process memory usage:
Resident Set Size: 232596K (2% of 8277208K total physical memory with 1505316K free physical memory)

OOME stack traces (most recent first):
Classloader memory used:
Loader org.gradle.internal.classloader.VisitableURLClassLoader                         : 22733K
Loader bootstrap                                                                       : 19439K
Loader org.gradle.initialization.MixInLegacyTypesClassLoader                           : 4399K
Loader org.gradle.internal.classloader.VisitableURLClassLoader                         : 714K
Loader jdk.internal.loader.ClassLoaders$PlatformClassLoader                            : 385K
Loader jdk.internal.loader.ClassLoaders$AppClassLoader                                 : 234K
Loader jdk.internal.reflect.DelegatingClassLoader                                      : 147K

Classes loaded by more than one classloader:
Class org.gradle.api.GradleException                                                  : loaded 3 times (x 78B)
Class org.gradle.internal.classloader.FilteringClassLoader                            : loaded 2 times (x 101B)
Class org.gradle.internal.classloader.ClassLoaderHierarchy                            : loaded 2 times (x 66B)
Class org.gradle.api.internal.classpath.ManifestUtil                                  : loaded 2 times (x 67B)
Class org.gradle.internal.operations.MultipleBuildOperationFailures                   : loaded 2 times (x 91B)
Class org.gradle.internal.classloader.DefaultClassLoaderFactory                       : loaded 2 times (x 78B)
Class org.gradle.internal.classloader.ClassLoaderVisitor                              : loaded 2 times (x 72B)
Class org.gradle.api.internal.classpath.EffectiveClassPath                            : loaded 2 times (x 86B)
Class org.gradle.api.internal.DefaultClassPathProvider                                : loaded 2 times (x 72B)
Class [Lorg.gradle.api.internal.ClassPathProvider;                                    : loaded 2 times (x 65B)
Class org.gradle.api.internal.ClassPathProvider                                       : loaded 2 times (x 66B)
Class org.gradle.internal.service.UnknownServiceException                             : loaded 2 times (x 79B)
Class org.gradle.internal.classpath.TransformedClassPath                              : loaded 2 times (x 92B)
Class org.gradle.internal.classloader.InstrumentingClassLoader                        : loaded 2 times (x 66B)
Class org.gradle.internal.service.ServiceLocator                                      : loaded 2 times (x 66B)
Class org.gradle.internal.InternalTransformer                                         : loaded 2 times (x 66B)
Class org.gradle.internal.time.DefaultTimer                                           : loaded 2 times (x 76B)
Class org.gradle.internal.classloader.ClasspathUtil$1                                 : loaded 2 times (x 72B)
Class org.gradle.api.internal.classpath.DefaultModuleRegistry$DefaultModule           : loaded 2 times (x 82B)
Class org.gradle.internal.time.DefaultCountdownTimer                                  : loaded 2 times (x 84B)
Class kotlin.Function                                                                 : loaded 2 times (x 66B)
Class org.gradle.api.internal.classpath.Module                                        : loaded 2 times (x 66B)
Class org.gradle.api.internal.classpath.UnknownModuleException                        : loaded 2 times (x 78B)
Class org.gradle.api.internal.DefaultClassPathRegistry                                : loaded 2 times (x 72B)
Class org.gradle.api.internal.ClassPathRegistry                                       : loaded 2 times (x 66B)
Class org.gradle.internal.classpath.DefaultClassPath$ImmutableUniqueList              : loaded 2 times (x 195B)
Class org.gradle.internal.classpath.ClassPath                                         : loaded 2 times (x 66B)
Class org.gradle.api.UncheckedIOException                                             : loaded 2 times (x 78B)
Class kotlin.UninitializedPropertyAccessException                                     : loaded 2 times (x 78B)
Class org.gradle.internal.installation.GradleInstallation$1                           : loaded 2 times (x 71B)
Class org.gradle.api.internal.classpath.ModuleRegistry                                : loaded 2 times (x 66B)
Class org.gradle.api.internal.classpath.DefaultModuleRegistry                         : loaded 2 times (x 82B)
Class org.gradle.internal.time.MonotonicClock                                         : loaded 2 times (x 73B)
Class org.gradle.internal.service.ServiceLookupException                              : loaded 2 times (x 78B)
Class org.gradle.internal.classloader.ClassLoaderFactory                              : loaded 2 times (x 66B)
Class org.gradle.internal.service.CachingServiceLocator                               : loaded 2 times (x 78B)
Class org.gradle.internal.time.TimeSource                                             : loaded 2 times (x 66B)
Class org.gradle.internal.exceptions.ResolutionProvider                               : loaded 2 times (x 66B)
Class org.gradle.internal.classloader.ClasspathUtil                                   : loaded 2 times (x 67B)
Class org.gradle.internal.time.TimeSource$1                                           : loaded 2 times (x 73B)
Class org.gradle.api.specs.Spec                                                       : loaded 2 times (x 66B)
Class org.gradle.internal.time.Clock                                                  : loaded 2 times (x 66B)
Class org.gradle.internal.classloader.VisitableURLClassLoader$InstrumentingVisitableURLClassLoader: loaded 2 times (x 119B)
Class org.gradle.internal.classloader.VisitableURLClassLoader$Spec                    : loaded 2 times (x 70B)
Class org.gradle.internal.classpath.DefaultClassPath                                  : loaded 2 times (x 86B)
Class org.gradle.internal.classloader.ClassLoaderSpec                                 : loaded 2 times (x 67B)
Class org.gradle.internal.classloader.VisitableURLClassLoader                         : loaded 2 times (x 113B)
Class org.gradle.internal.Cast                                                        : loaded 2 times (x 67B)
Class org.gradle.api.Action                                                           : loaded 2 times (x 66B)
Class org.gradle.internal.classpath.DefaultClassPath$ImmutableUniqueList$Builder      : loaded 2 times (x 71B)
Class kotlin.NotImplementedError                                                      : loaded 2 times (x 78B)
Class org.gradle.internal.exceptions.NonGradleCauseExceptionsHolder                   : loaded 2 times (x 66B)
Class org.gradle.internal.IoActions                                                   : loaded 2 times (x 67B)
Class org.gradle.internal.classloader.SystemClassLoaderSpec                           : loaded 2 times (x 67B)
Class org.gradle.internal.exceptions.MultiCauseException                              : loaded 2 times (x 66B)
Class org.gradle.internal.time.CountdownTimer                                         : loaded 2 times (x 66B)
Class kotlin.jvm.internal.Intrinsics                                                  : loaded 2 times (x 67B)
Class org.gradle.tooling.model.ProjectModel                                           : loaded 2 times (x 66B)
Class kotlin.KotlinNullPointerException                                               : loaded 2 times (x 79B)
Class org.gradle.internal.exceptions.DefaultMultiCauseException                       : loaded 2 times (x 91B)
Class org.gradle.internal.time.Time                                                   : loaded 2 times (x 67B)
Class org.gradle.api.internal.classpath.GlobalCacheRootsProvider                      : loaded 2 times (x 66B)
Class org.gradle.internal.time.Timer                                                  : loaded 2 times (x 66B)
Class org.gradle.internal.installation.CurrentGradleInstallationLocator               : loaded 2 times (x 67B)
Class org.gradle.internal.service.DefaultServiceLocator                               : loaded 2 times (x 79B)
Class org.gradle.util.GradleVersion                                                   : loaded 2 times (x 79B)
Class org.gradle.internal.installation.CurrentGradleInstallation                      : loaded 2 times (x 69B)
Class org.gradle.util.internal.GUtil                                                  : loaded 2 times (x 67B)
Class org.gradle.internal.installation.GradleInstallation                             : loaded 2 times (x 71B)

---------------  S Y S T E M  ---------------

OS:
 Windows 11 , 64 bit Build 26100 (10.0.26100.3323)
OS uptime: 3 days 9:46 hours

CPU: total 4 (initial active 4) (2 cores per cpu, 2 threads per core) family 6 model 78 stepping 3 microcode 0xf0, cx8, cmov, fxsr, ht, mmx, 3dnowpref, sse, sse2, sse3, ssse3, sse4.1, sse4.2, popcnt, lzcnt, tsc, tscinvbit, avx, avx2, aes, erms, clmul, bmi1, bmi2, adx, fma, vzeroupper, clflush, clflushopt, rdtscp, f16c
Processor Information for processor 0
  Max Mhz: 1992, Current Mhz: 1494, Mhz Limit: 1992
Processor Information for processor 1
  Max Mhz: 1992, Current Mhz: 1494, Mhz Limit: 1992
Processor Information for processor 2
  Max Mhz: 1992, Current Mhz: 1494, Mhz Limit: 1992
Processor Information for processor 3
  Max Mhz: 1992, Current Mhz: 1992, Mhz Limit: 1992

Memory: 4k page, system-wide physical 8083M (1473M free)
TotalPageFile size 23251M (AvailPageFile size 40M)
current process WorkingSet (physical memory assigned to process): 227M, peak: 227M
current process commit charge ("private bytes"): 253M, peak: 254M

vm_info: OpenJDK 64-Bit Server VM (21.0.5+-13047016-b750.29) for windows-amd64 JRE (21.0.5+-13047016-b750.29), built on 2025-02-11T21:12:39Z by "builder" with MS VC++ 16.10 / 16.11 (VS2019)

END.
